


ARM Macro Assembler    Page 1 


    1 00000000         ;/******************************************************
                       ********************//**
    2 00000000         ; * @file     startup_M051Series.s
    3 00000000         ; * @version  V2.00
    4 00000000         ; * $Revision: 10 $
    5 00000000         ; * $Date: 15/05/15 3:32p $ 
    6 00000000         ; * @brief    M051 Series Startup Source File
    7 00000000         ; *
    8 00000000         ; * @note
    9 00000000         ; * Copyright (C) 2011 Nuvoton Technology Corp. All righ
                       ts reserved.
   10 00000000         ; *
   11 00000000         ; ******************************************************
                       ************************/
   12 00000000                 IF               :LNOT: :DEF: Stack_Size
   14                          ENDIF
   15 00000000         
   16 00000000                 AREA             STACK, NOINIT, READWRITE, ALIGN
=3
   17 00000000         Stack_Mem
                               SPACE            Stack_Size
   18 00000200         __initial_sp
   19 00000200         
   20 00000200         
   21 00000200         ; <h> Heap Configuration
   22 00000200         ;   <o>  Heap Size (in Bytes) <0x0-0xFFFFFFFF:8>
   23 00000200         ; </h>
   24 00000200                 IF               :LNOT: :DEF: Heap_Size
   26                          ENDIF
   27 00000200                 AREA             HEAP, NOINIT, READWRITE, ALIGN=
3
   28 00000000         __heap_base
   29 00000000         Heap_Mem
                               SPACE            Heap_Size
   30 00000000         __heap_limit
   31 00000000         
   32 00000000         
   33 00000000                 PRESERVE8
   34 00000000                 THUMB
   35 00000000         
   36 00000000         
   37 00000000         ; Vector Table Mapped to Address 0 at Reset
   38 00000000                 AREA             RESET, DATA, READONLY
   39 00000000                 EXPORT           __Vectors
   40 00000000         
   41 00000000 00000000 
                       __Vectors
                               DCD              __initial_sp ; Top of Stack
   42 00000004 00000000        DCD              Reset_Handler ; Reset Handler
   43 00000008 00000000        DCD              NMI_Handler ; NMI Handler
   44 0000000C 00000000        DCD              HardFault_Handler ; Hard Fault 
                                                            Handler
   45 00000010 00000000        DCD              0           ; Reserved
   46 00000014 00000000        DCD              0           ; Reserved
   47 00000018 00000000        DCD              0           ; Reserved
   48 0000001C 00000000        DCD              0           ; Reserved
   49 00000020 00000000        DCD              0           ; Reserved
   50 00000024 00000000        DCD              0           ; Reserved
   51 00000028 00000000        DCD              0           ; Reserved



ARM Macro Assembler    Page 2 


   52 0000002C 00000000        DCD              SVC_Handler ; SVCall Handler
   53 00000030 00000000        DCD              0           ; Reserved
   54 00000034 00000000        DCD              0           ; Reserved
   55 00000038 00000000        DCD              PendSV_Handler ; PendSV Handler
                                                            
   56 0000003C 00000000        DCD              SysTick_Handler 
                                                            ; SysTick Handler
   57 00000040         
   58 00000040         ; External Interrupts
   59 00000040         ; maximum of 32 External Interrupts are possible
   60 00000040 00000000        DCD              BOD_IRQHandler
   61 00000044 00000000        DCD              WDT_IRQHandler
   62 00000048 00000000        DCD              EINT0_IRQHandler
   63 0000004C 00000000        DCD              EINT1_IRQHandler
   64 00000050 00000000        DCD              GPIOP0P1_IRQHandler
   65 00000054 00000000        DCD              GPIOP2P3P4_IRQHandler
   66 00000058 00000000        DCD              PWMA_IRQHandler
   67 0000005C 00000000        DCD              PWMB_IRQHandler
   68 00000060 00000000        DCD              TMR0_IRQHandler
   69 00000064 00000000        DCD              TMR1_IRQHandler
   70 00000068 00000000        DCD              TMR2_IRQHandler
   71 0000006C 00000000        DCD              TMR3_IRQHandler
   72 00000070 00000000        DCD              UART0_IRQHandler
   73 00000074 00000000        DCD              UART1_IRQHandler
   74 00000078 00000000        DCD              SPI0_IRQHandler
   75 0000007C 00000000        DCD              SPI1_IRQHandler
   76 00000080 00000000        DCD              Default_Handler
   77 00000084 00000000        DCD              Default_Handler
   78 00000088 00000000        DCD              I2C0_IRQHandler
   79 0000008C 00000000        DCD              I2C1_IRQHandler
   80 00000090 00000000        DCD              Default_Handler
   81 00000094 00000000        DCD              Default_Handler
   82 00000098 00000000        DCD              Default_Handler
   83 0000009C 00000000        DCD              Default_Handler
   84 000000A0 00000000        DCD              Default_Handler
   85 000000A4 00000000        DCD              ACMP01_IRQHandler
   86 000000A8 00000000        DCD              ACMP23_IRQHandler
   87 000000AC 00000000        DCD              Default_Handler
   88 000000B0 00000000        DCD              PWRWU_IRQHandler
   89 000000B4 00000000        DCD              ADC_IRQHandler
   90 000000B8 00000000        DCD              Default_Handler
   91 000000BC 00000000        DCD              RTC_IRQHandler
   92 000000C0         
   93 000000C0         
   94 000000C0                 AREA             |.text|, CODE, READONLY
   95 00000000         
   96 00000000         
   97 00000000         
   98 00000000         ; Reset Handler 
   99 00000000         
  100 00000000                 ENTRY
  101 00000000         
  102 00000000         Reset_Handler
                               PROC
  103 00000000                 EXPORT           Reset_Handler             [WEAK
]
  104 00000000                 IMPORT           SystemInit
  105 00000000                 IMPORT           __main
  106 00000000         



ARM Macro Assembler    Page 3 


  107 00000000 480D            LDR              R0, =0x50000100
  108 00000002         ; Unlock Register                
  109 00000002         
  110 00000002 490E            LDR              R1, =0x59
  111 00000004 6001            STR              R1, [R0]
  112 00000006 490E            LDR              R1, =0x16
  113 00000008 6001            STR              R1, [R0]
  114 0000000A 490E            LDR              R1, =0x88
  115 0000000C 6001            STR              R1, [R0]
  116 0000000E         
  117 0000000E         ; Init POR
  118 0000000E 4A0E            LDR              R2, =0x50000024
  119 00000010 490E            LDR              R1, =0x00005AA5
  120 00000012 6011            STR              R1, [R2]
  121 00000014         
  122 00000014         ; Lock register
  123 00000014 2100            MOVS             R1, #0
  124 00000016 6001            STR              R1, [R0]
  125 00000018         
  126 00000018 480D            LDR              R0, =SystemInit
  127 0000001A 4780            BLX              R0
  128 0000001C 480D            LDR              R0, =__main
  129 0000001E 4700            BX               R0
  130 00000020                 ENDP
  131 00000020         
  132 00000020         
  133 00000020         
  134 00000020         ; Dummy Exception Handlers (infinite loops which can be 
                       modified)
  135 00000020         
  136 00000020         NMI_Handler
                               PROC
  137 00000020                 EXPORT           NMI_Handler               [WEAK
]
  138 00000020 E7FE            B                .
  139 00000022                 ENDP
  141 00000022         HardFault_Handler
                               PROC
  142 00000022                 EXPORT           HardFault_Handler         [WEAK
]
  143 00000022 E7FE            B                .
  144 00000024                 ENDP
  145 00000024         SVC_Handler
                               PROC
  146 00000024                 EXPORT           SVC_Handler               [WEAK
]
  147 00000024 E7FE            B                .
  148 00000026                 ENDP
  149 00000026         PendSV_Handler
                               PROC
  150 00000026                 EXPORT           PendSV_Handler            [WEAK
]
  151 00000026 E7FE            B                .
  152 00000028                 ENDP
  153 00000028         SysTick_Handler
                               PROC
  154 00000028                 EXPORT           SysTick_Handler           [WEAK
]
  155 00000028 E7FE            B                .



ARM Macro Assembler    Page 4 


  156 0000002A                 ENDP
  157 0000002A         
  158 0000002A         Default_Handler
                               PROC
  159 0000002A         
  160 0000002A                 EXPORT           BOD_IRQHandler            [WEAK
]
  161 0000002A                 EXPORT           WDT_IRQHandler            [WEAK
]
  162 0000002A                 EXPORT           EINT0_IRQHandler          [WEAK
]
  163 0000002A                 EXPORT           EINT1_IRQHandler          [WEAK
]
  164 0000002A                 EXPORT           GPIOP0P1_IRQHandler       [WEAK
]
  165 0000002A                 EXPORT           GPIOP2P3P4_IRQHandler     [WEAK
]
  166 0000002A                 EXPORT           PWMA_IRQHandler           [WEAK
]
  167 0000002A                 EXPORT           PWMB_IRQHandler           [WEAK
]
  168 0000002A                 EXPORT           TMR0_IRQHandler           [WEAK
]
  169 0000002A                 EXPORT           TMR1_IRQHandler           [WEAK
]
  170 0000002A                 EXPORT           TMR2_IRQHandler           [WEAK
]
  171 0000002A                 EXPORT           TMR3_IRQHandler           [WEAK
]
  172 0000002A                 EXPORT           UART0_IRQHandler          [WEAK
]
  173 0000002A                 EXPORT           UART1_IRQHandler          [WEAK
]
  174 0000002A                 EXPORT           SPI0_IRQHandler           [WEAK
]
  175 0000002A                 EXPORT           SPI1_IRQHandler           [WEAK
]
  176 0000002A                 EXPORT           I2C0_IRQHandler           [WEAK
]
  177 0000002A                 EXPORT           I2C1_IRQHandler           [WEAK
]
  178 0000002A                 EXPORT           ACMP01_IRQHandler         [WEAK
]
  179 0000002A                 EXPORT           ACMP23_IRQHandler         [WEAK
]
  180 0000002A                 EXPORT           PWRWU_IRQHandler          [WEAK
]
  181 0000002A                 EXPORT           ADC_IRQHandler            [WEAK
]
  182 0000002A                 EXPORT           RTC_IRQHandler            [WEAK
]
  183 0000002A         
  184 0000002A         BOD_IRQHandler
  185 0000002A         WDT_IRQHandler
  186 0000002A         EINT0_IRQHandler
  187 0000002A         EINT1_IRQHandler
  188 0000002A         GPIOP0P1_IRQHandler
  189 0000002A         GPIOP2P3P4_IRQHandler
  190 0000002A         PWMA_IRQHandler



ARM Macro Assembler    Page 5 


  191 0000002A         PWMB_IRQHandler
  192 0000002A         TMR0_IRQHandler
  193 0000002A         TMR1_IRQHandler
  194 0000002A         TMR2_IRQHandler
  195 0000002A         TMR3_IRQHandler
  196 0000002A         UART0_IRQHandler
  197 0000002A         UART1_IRQHandler
  198 0000002A         SPI0_IRQHandler
  199 0000002A         SPI1_IRQHandler
  200 0000002A         I2C0_IRQHandler
  201 0000002A         I2C1_IRQHandler
  202 0000002A         ACMP01_IRQHandler
  203 0000002A         ACMP23_IRQHandler
  204 0000002A         PWRWU_IRQHandler
  205 0000002A         ADC_IRQHandler
  206 0000002A         RTC_IRQHandler
  207 0000002A E7FE            B                .
  208 0000002C                 ENDP
  209 0000002C         
  210 0000002C         
  211 0000002C                 ALIGN
  212 0000002C         
  213 0000002C         
  214 0000002C         ; User Initial Stack & Heap
  215 0000002C         
  216 0000002C                 IF               :DEF:__MICROLIB
  223 0000002C         
  224 0000002C                 IMPORT           __use_two_region_memory
  225 0000002C                 EXPORT           __user_initial_stackheap
  226 0000002C         __user_initial_stackheap
  227 0000002C         
  228 0000002C 480A            LDR              R0, =  Heap_Mem
  229 0000002E 490B            LDR              R1, = (Stack_Mem + Stack_Size)
  230 00000030 4A09            LDR              R2, = (Heap_Mem +  Heap_Size)
  231 00000032 4B0B            LDR              R3, = Stack_Mem
  232 00000034 4770            BX               LR
  233 00000036         
  234 00000036 00 00           ALIGN
  235 00000038         
  236 00000038                 ENDIF
  237 00000038         
  238 00000038                 END
              50000100 
              00000059 
              00000016 
              00000088 
              50000024 
              00005AA5 
              00000000 
              00000000 
              00000000 
              00000200 
              00000000 
Command Line: --16 --debug --xref --diag_suppress=9931 --cpu=Cortex-M0 --apcs=i
nterwork --depend=.\obj\startup_m051series.d -o.\obj\startup_m051series.o -IC:\
Keil_v5\ARM\RV31\INC -IC:\Keil_v5\ARM\CMSIS\Include --predefine="__UVISION_VERS
ION SETA 527" --list=.\lst\startup_m051series.lst ..\..\..\..\Library\Device\Nu
voton\M051Series\Source\ARM\startup_M051Series.s



ARM Macro Assembler    Page 1 Alphabetic symbol ordering
Relocatable symbols

STACK 00000000

Symbol: STACK
   Definitions
      At line 16 in file ..\..\..\..\Library\Device\Nuvoton\M051Series\Source\A
RM\startup_M051Series.s
   Uses
      None
Comment: STACK unused
Stack_Mem 00000000

Symbol: Stack_Mem
   Definitions
      At line 17 in file ..\..\..\..\Library\Device\Nuvoton\M051Series\Source\A
RM\startup_M051Series.s
   Uses
      At line 229 in file ..\..\..\..\Library\Device\Nuvoton\M051Series\Source\
ARM\startup_M051Series.s
      At line 231 in file ..\..\..\..\Library\Device\Nuvoton\M051Series\Source\
ARM\startup_M051Series.s

__initial_sp 00000200

Symbol: __initial_sp
   Definitions
      At line 18 in file ..\..\..\..\Library\Device\Nuvoton\M051Series\Source\A
RM\startup_M051Series.s
   Uses
      At line 41 in file ..\..\..\..\Library\Device\Nuvoton\M051Series\Source\A
RM\startup_M051Series.s
Comment: __initial_sp used once
3 symbols



ARM Macro Assembler    Page 1 Alphabetic symbol ordering
Relocatable symbols

HEAP 00000000

Symbol: HEAP
   Definitions
      At line 27 in file ..\..\..\..\Library\Device\Nuvoton\M051Series\Source\A
RM\startup_M051Series.s
   Uses
      None
Comment: HEAP unused
Heap_Mem 00000000

Symbol: Heap_Mem
   Definitions
      At line 29 in file ..\..\..\..\Library\Device\Nuvoton\M051Series\Source\A
RM\startup_M051Series.s
   Uses
      At line 228 in file ..\..\..\..\Library\Device\Nuvoton\M051Series\Source\
ARM\startup_M051Series.s
      At line 230 in file ..\..\..\..\Library\Device\Nuvoton\M051Series\Source\
ARM\startup_M051Series.s

__heap_base 00000000

Symbol: __heap_base
   Definitions
      At line 28 in file ..\..\..\..\Library\Device\Nuvoton\M051Series\Source\A
RM\startup_M051Series.s
   Uses
      None
Comment: __heap_base unused
__heap_limit 00000000

Symbol: __heap_limit
   Definitions
      At line 30 in file ..\..\..\..\Library\Device\Nuvoton\M051Series\Source\A
RM\startup_M051Series.s
   Uses
      None
Comment: __heap_limit unused
4 symbols



ARM Macro Assembler    Page 1 Alphabetic symbol ordering
Relocatable symbols

RESET 00000000

Symbol: RESET
   Definitions
      At line 38 in file ..\..\..\..\Library\Device\Nuvoton\M051Series\Source\A
RM\startup_M051Series.s
   Uses
      None
Comment: RESET unused
__Vectors 00000000

Symbol: __Vectors
   Definitions
      At line 41 in file ..\..\..\..\Library\Device\Nuvoton\M051Series\Source\A
RM\startup_M051Series.s
   Uses
      At line 39 in file ..\..\..\..\Library\Device\Nuvoton\M051Series\Source\A
RM\startup_M051Series.s
Comment: __Vectors used once
2 symbols



ARM Macro Assembler    Page 1 Alphabetic symbol ordering
Relocatable symbols

.text 00000000

Symbol: .text
   Definitions
      At line 94 in file ..\..\..\..\Library\Device\Nuvoton\M051Series\Source\A
RM\startup_M051Series.s
   Uses
      None
Comment: .text unused
ACMP01_IRQHandler 0000002A

Symbol: ACMP01_IRQHandler
   Definitions
      At line 202 in file ..\..\..\..\Library\Device\Nuvoton\M051Series\Source\
ARM\startup_M051Series.s
   Uses
      At line 85 in file ..\..\..\..\Library\Device\Nuvoton\M051Series\Source\A
RM\startup_M051Series.s
      At line 178 in file ..\..\..\..\Library\Device\Nuvoton\M051Series\Source\
ARM\startup_M051Series.s

ACMP23_IRQHandler 0000002A

Symbol: ACMP23_IRQHandler
   Definitions
      At line 203 in file ..\..\..\..\Library\Device\Nuvoton\M051Series\Source\
ARM\startup_M051Series.s
   Uses
      At line 86 in file ..\..\..\..\Library\Device\Nuvoton\M051Series\Source\A
RM\startup_M051Series.s
      At line 179 in file ..\..\..\..\Library\Device\Nuvoton\M051Series\Source\
ARM\startup_M051Series.s

ADC_IRQHandler 0000002A

Symbol: ADC_IRQHandler
   Definitions
      At line 205 in file ..\..\..\..\Library\Device\Nuvoton\M051Series\Source\
ARM\startup_M051Series.s
   Uses
      At line 89 in file ..\..\..\..\Library\Device\Nuvoton\M051Series\Source\A
RM\startup_M051Series.s
      At line 181 in file ..\..\..\..\Library\Device\Nuvoton\M051Series\Source\
ARM\startup_M051Series.s

BOD_IRQHandler 0000002A

Symbol: BOD_IRQHandler
   Definitions
      At line 184 in file ..\..\..\..\Library\Device\Nuvoton\M051Series\Source\
ARM\startup_M051Series.s
   Uses
      At line 60 in file ..\..\..\..\Library\Device\Nuvoton\M051Series\Source\A
RM\startup_M051Series.s
      At line 160 in file ..\..\..\..\Library\Device\Nuvoton\M051Series\Source\
ARM\startup_M051Series.s

Default_Handler 0000002A




ARM Macro Assembler    Page 2 Alphabetic symbol ordering
Relocatable symbols

Symbol: Default_Handler
   Definitions
      At line 158 in file ..\..\..\..\Library\Device\Nuvoton\M051Series\Source\
ARM\startup_M051Series.s
   Uses
      At line 76 in file ..\..\..\..\Library\Device\Nuvoton\M051Series\Source\A
RM\startup_M051Series.s
      At line 77 in file ..\..\..\..\Library\Device\Nuvoton\M051Series\Source\A
RM\startup_M051Series.s
      At line 80 in file ..\..\..\..\Library\Device\Nuvoton\M051Series\Source\A
RM\startup_M051Series.s
      At line 81 in file ..\..\..\..\Library\Device\Nuvoton\M051Series\Source\A
RM\startup_M051Series.s
      At line 82 in file ..\..\..\..\Library\Device\Nuvoton\M051Series\Source\A
RM\startup_M051Series.s
      At line 83 in file ..\..\..\..\Library\Device\Nuvoton\M051Series\Source\A
RM\startup_M051Series.s
      At line 84 in file ..\..\..\..\Library\Device\Nuvoton\M051Series\Source\A
RM\startup_M051Series.s
      At line 87 in file ..\..\..\..\Library\Device\Nuvoton\M051Series\Source\A
RM\startup_M051Series.s
      At line 90 in file ..\..\..\..\Library\Device\Nuvoton\M051Series\Source\A
RM\startup_M051Series.s

EINT0_IRQHandler 0000002A

Symbol: EINT0_IRQHandler
   Definitions
      At line 186 in file ..\..\..\..\Library\Device\Nuvoton\M051Series\Source\
ARM\startup_M051Series.s
   Uses
      At line 62 in file ..\..\..\..\Library\Device\Nuvoton\M051Series\Source\A
RM\startup_M051Series.s
      At line 162 in file ..\..\..\..\Library\Device\Nuvoton\M051Series\Source\
ARM\startup_M051Series.s

EINT1_IRQHandler 0000002A

Symbol: EINT1_IRQHandler
   Definitions
      At line 187 in file ..\..\..\..\Library\Device\Nuvoton\M051Series\Source\
ARM\startup_M051Series.s
   Uses
      At line 63 in file ..\..\..\..\Library\Device\Nuvoton\M051Series\Source\A
RM\startup_M051Series.s
      At line 163 in file ..\..\..\..\Library\Device\Nuvoton\M051Series\Source\
ARM\startup_M051Series.s

GPIOP0P1_IRQHandler 0000002A

Symbol: GPIOP0P1_IRQHandler
   Definitions
      At line 188 in file ..\..\..\..\Library\Device\Nuvoton\M051Series\Source\
ARM\startup_M051Series.s
   Uses
      At line 64 in file ..\..\..\..\Library\Device\Nuvoton\M051Series\Source\A
RM\startup_M051Series.s
      At line 164 in file ..\..\..\..\Library\Device\Nuvoton\M051Series\Source\
ARM\startup_M051Series.s



ARM Macro Assembler    Page 3 Alphabetic symbol ordering
Relocatable symbols


GPIOP2P3P4_IRQHandler 0000002A

Symbol: GPIOP2P3P4_IRQHandler
   Definitions
      At line 189 in file ..\..\..\..\Library\Device\Nuvoton\M051Series\Source\
ARM\startup_M051Series.s
   Uses
      At line 65 in file ..\..\..\..\Library\Device\Nuvoton\M051Series\Source\A
RM\startup_M051Series.s
      At line 165 in file ..\..\..\..\Library\Device\Nuvoton\M051Series\Source\
ARM\startup_M051Series.s

HardFault_Handler 00000022

Symbol: HardFault_Handler
   Definitions
      At line 141 in file ..\..\..\..\Library\Device\Nuvoton\M051Series\Source\
ARM\startup_M051Series.s
   Uses
      At line 44 in file ..\..\..\..\Library\Device\Nuvoton\M051Series\Source\A
RM\startup_M051Series.s
      At line 142 in file ..\..\..\..\Library\Device\Nuvoton\M051Series\Source\
ARM\startup_M051Series.s

I2C0_IRQHandler 0000002A

Symbol: I2C0_IRQHandler
   Definitions
      At line 200 in file ..\..\..\..\Library\Device\Nuvoton\M051Series\Source\
ARM\startup_M051Series.s
   Uses
      At line 78 in file ..\..\..\..\Library\Device\Nuvoton\M051Series\Source\A
RM\startup_M051Series.s
      At line 176 in file ..\..\..\..\Library\Device\Nuvoton\M051Series\Source\
ARM\startup_M051Series.s

I2C1_IRQHandler 0000002A

Symbol: I2C1_IRQHandler
   Definitions
      At line 201 in file ..\..\..\..\Library\Device\Nuvoton\M051Series\Source\
ARM\startup_M051Series.s
   Uses
      At line 79 in file ..\..\..\..\Library\Device\Nuvoton\M051Series\Source\A
RM\startup_M051Series.s
      At line 177 in file ..\..\..\..\Library\Device\Nuvoton\M051Series\Source\
ARM\startup_M051Series.s

NMI_Handler 00000020

Symbol: NMI_Handler
   Definitions
      At line 136 in file ..\..\..\..\Library\Device\Nuvoton\M051Series\Source\
ARM\startup_M051Series.s
   Uses
      At line 43 in file ..\..\..\..\Library\Device\Nuvoton\M051Series\Source\A
RM\startup_M051Series.s
      At line 137 in file ..\..\..\..\Library\Device\Nuvoton\M051Series\Source\



ARM Macro Assembler    Page 4 Alphabetic symbol ordering
Relocatable symbols

ARM\startup_M051Series.s

PWMA_IRQHandler 0000002A

Symbol: PWMA_IRQHandler
   Definitions
      At line 190 in file ..\..\..\..\Library\Device\Nuvoton\M051Series\Source\
ARM\startup_M051Series.s
   Uses
      At line 66 in file ..\..\..\..\Library\Device\Nuvoton\M051Series\Source\A
RM\startup_M051Series.s
      At line 166 in file ..\..\..\..\Library\Device\Nuvoton\M051Series\Source\
ARM\startup_M051Series.s

PWMB_IRQHandler 0000002A

Symbol: PWMB_IRQHandler
   Definitions
      At line 191 in file ..\..\..\..\Library\Device\Nuvoton\M051Series\Source\
ARM\startup_M051Series.s
   Uses
      At line 67 in file ..\..\..\..\Library\Device\Nuvoton\M051Series\Source\A
RM\startup_M051Series.s
      At line 167 in file ..\..\..\..\Library\Device\Nuvoton\M051Series\Source\
ARM\startup_M051Series.s

PWRWU_IRQHandler 0000002A

Symbol: PWRWU_IRQHandler
   Definitions
      At line 204 in file ..\..\..\..\Library\Device\Nuvoton\M051Series\Source\
ARM\startup_M051Series.s
   Uses
      At line 88 in file ..\..\..\..\Library\Device\Nuvoton\M051Series\Source\A
RM\startup_M051Series.s
      At line 180 in file ..\..\..\..\Library\Device\Nuvoton\M051Series\Source\
ARM\startup_M051Series.s

PendSV_Handler 00000026

Symbol: PendSV_Handler
   Definitions
      At line 149 in file ..\..\..\..\Library\Device\Nuvoton\M051Series\Source\
ARM\startup_M051Series.s
   Uses
      At line 55 in file ..\..\..\..\Library\Device\Nuvoton\M051Series\Source\A
RM\startup_M051Series.s
      At line 150 in file ..\..\..\..\Library\Device\Nuvoton\M051Series\Source\
ARM\startup_M051Series.s

RTC_IRQHandler 0000002A

Symbol: RTC_IRQHandler
   Definitions
      At line 206 in file ..\..\..\..\Library\Device\Nuvoton\M051Series\Source\
ARM\startup_M051Series.s
   Uses
      At line 91 in file ..\..\..\..\Library\Device\Nuvoton\M051Series\Source\A
RM\startup_M051Series.s



ARM Macro Assembler    Page 5 Alphabetic symbol ordering
Relocatable symbols

      At line 182 in file ..\..\..\..\Library\Device\Nuvoton\M051Series\Source\
ARM\startup_M051Series.s

Reset_Handler 00000000

Symbol: Reset_Handler
   Definitions
      At line 102 in file ..\..\..\..\Library\Device\Nuvoton\M051Series\Source\
ARM\startup_M051Series.s
   Uses
      At line 42 in file ..\..\..\..\Library\Device\Nuvoton\M051Series\Source\A
RM\startup_M051Series.s
      At line 103 in file ..\..\..\..\Library\Device\Nuvoton\M051Series\Source\
ARM\startup_M051Series.s

SPI0_IRQHandler 0000002A

Symbol: SPI0_IRQHandler
   Definitions
      At line 198 in file ..\..\..\..\Library\Device\Nuvoton\M051Series\Source\
ARM\startup_M051Series.s
   Uses
      At line 74 in file ..\..\..\..\Library\Device\Nuvoton\M051Series\Source\A
RM\startup_M051Series.s
      At line 174 in file ..\..\..\..\Library\Device\Nuvoton\M051Series\Source\
ARM\startup_M051Series.s

SPI1_IRQHandler 0000002A

Symbol: SPI1_IRQHandler
   Definitions
      At line 199 in file ..\..\..\..\Library\Device\Nuvoton\M051Series\Source\
ARM\startup_M051Series.s
   Uses
      At line 75 in file ..\..\..\..\Library\Device\Nuvoton\M051Series\Source\A
RM\startup_M051Series.s
      At line 175 in file ..\..\..\..\Library\Device\Nuvoton\M051Series\Source\
ARM\startup_M051Series.s

SVC_Handler 00000024

Symbol: SVC_Handler
   Definitions
      At line 145 in file ..\..\..\..\Library\Device\Nuvoton\M051Series\Source\
ARM\startup_M051Series.s
   Uses
      At line 52 in file ..\..\..\..\Library\Device\Nuvoton\M051Series\Source\A
RM\startup_M051Series.s
      At line 146 in file ..\..\..\..\Library\Device\Nuvoton\M051Series\Source\
ARM\startup_M051Series.s

SysTick_Handler 00000028

Symbol: SysTick_Handler
   Definitions
      At line 153 in file ..\..\..\..\Library\Device\Nuvoton\M051Series\Source\
ARM\startup_M051Series.s
   Uses
      At line 56 in file ..\..\..\..\Library\Device\Nuvoton\M051Series\Source\A



ARM Macro Assembler    Page 6 Alphabetic symbol ordering
Relocatable symbols

RM\startup_M051Series.s
      At line 154 in file ..\..\..\..\Library\Device\Nuvoton\M051Series\Source\
ARM\startup_M051Series.s

TMR0_IRQHandler 0000002A

Symbol: TMR0_IRQHandler
   Definitions
      At line 192 in file ..\..\..\..\Library\Device\Nuvoton\M051Series\Source\
ARM\startup_M051Series.s
   Uses
      At line 68 in file ..\..\..\..\Library\Device\Nuvoton\M051Series\Source\A
RM\startup_M051Series.s
      At line 168 in file ..\..\..\..\Library\Device\Nuvoton\M051Series\Source\
ARM\startup_M051Series.s

TMR1_IRQHandler 0000002A

Symbol: TMR1_IRQHandler
   Definitions
      At line 193 in file ..\..\..\..\Library\Device\Nuvoton\M051Series\Source\
ARM\startup_M051Series.s
   Uses
      At line 69 in file ..\..\..\..\Library\Device\Nuvoton\M051Series\Source\A
RM\startup_M051Series.s
      At line 169 in file ..\..\..\..\Library\Device\Nuvoton\M051Series\Source\
ARM\startup_M051Series.s

TMR2_IRQHandler 0000002A

Symbol: TMR2_IRQHandler
   Definitions
      At line 194 in file ..\..\..\..\Library\Device\Nuvoton\M051Series\Source\
ARM\startup_M051Series.s
   Uses
      At line 70 in file ..\..\..\..\Library\Device\Nuvoton\M051Series\Source\A
RM\startup_M051Series.s
      At line 170 in file ..\..\..\..\Library\Device\Nuvoton\M051Series\Source\
ARM\startup_M051Series.s

TMR3_IRQHandler 0000002A

Symbol: TMR3_IRQHandler
   Definitions
      At line 195 in file ..\..\..\..\Library\Device\Nuvoton\M051Series\Source\
ARM\startup_M051Series.s
   Uses
      At line 71 in file ..\..\..\..\Library\Device\Nuvoton\M051Series\Source\A
RM\startup_M051Series.s
      At line 171 in file ..\..\..\..\Library\Device\Nuvoton\M051Series\Source\
ARM\startup_M051Series.s

UART0_IRQHandler 0000002A

Symbol: UART0_IRQHandler
   Definitions
      At line 196 in file ..\..\..\..\Library\Device\Nuvoton\M051Series\Source\
ARM\startup_M051Series.s
   Uses



ARM Macro Assembler    Page 7 Alphabetic symbol ordering
Relocatable symbols

      At line 72 in file ..\..\..\..\Library\Device\Nuvoton\M051Series\Source\A
RM\startup_M051Series.s
      At line 172 in file ..\..\..\..\Library\Device\Nuvoton\M051Series\Source\
ARM\startup_M051Series.s

UART1_IRQHandler 0000002A

Symbol: UART1_IRQHandler
   Definitions
      At line 197 in file ..\..\..\..\Library\Device\Nuvoton\M051Series\Source\
ARM\startup_M051Series.s
   Uses
      At line 73 in file ..\..\..\..\Library\Device\Nuvoton\M051Series\Source\A
RM\startup_M051Series.s
      At line 173 in file ..\..\..\..\Library\Device\Nuvoton\M051Series\Source\
ARM\startup_M051Series.s

WDT_IRQHandler 0000002A

Symbol: WDT_IRQHandler
   Definitions
      At line 185 in file ..\..\..\..\Library\Device\Nuvoton\M051Series\Source\
ARM\startup_M051Series.s
   Uses
      At line 61 in file ..\..\..\..\Library\Device\Nuvoton\M051Series\Source\A
RM\startup_M051Series.s
      At line 161 in file ..\..\..\..\Library\Device\Nuvoton\M051Series\Source\
ARM\startup_M051Series.s

__user_initial_stackheap 0000002C

Symbol: __user_initial_stackheap
   Definitions
      At line 226 in file ..\..\..\..\Library\Device\Nuvoton\M051Series\Source\
ARM\startup_M051Series.s
   Uses
      At line 225 in file ..\..\..\..\Library\Device\Nuvoton\M051Series\Source\
ARM\startup_M051Series.s
Comment: __user_initial_stackheap used once
32 symbols



ARM Macro Assembler    Page 1 Alphabetic symbol ordering
Absolute symbols

Heap_Size 00000000

Symbol: Heap_Size
   Definitions
      At line 25 in file ..\..\..\..\Library\Device\Nuvoton\M051Series\Source\A
RM\startup_M051Series.s
   Uses
      At line 29 in file ..\..\..\..\Library\Device\Nuvoton\M051Series\Source\A
RM\startup_M051Series.s
      At line 230 in file ..\..\..\..\Library\Device\Nuvoton\M051Series\Source\
ARM\startup_M051Series.s

Stack_Size 00000200

Symbol: Stack_Size
   Definitions
      At line 13 in file ..\..\..\..\Library\Device\Nuvoton\M051Series\Source\A
RM\startup_M051Series.s
   Uses
      At line 17 in file ..\..\..\..\Library\Device\Nuvoton\M051Series\Source\A
RM\startup_M051Series.s
      At line 229 in file ..\..\..\..\Library\Device\Nuvoton\M051Series\Source\
ARM\startup_M051Series.s

2 symbols



ARM Macro Assembler    Page 1 Alphabetic symbol ordering
External symbols

SystemInit 00000000

Symbol: SystemInit
   Definitions
      At line 104 in file ..\..\..\..\Library\Device\Nuvoton\M051Series\Source\
ARM\startup_M051Series.s
   Uses
      At line 126 in file ..\..\..\..\Library\Device\Nuvoton\M051Series\Source\
ARM\startup_M051Series.s
Comment: SystemInit used once
__main 00000000

Symbol: __main
   Definitions
      At line 105 in file ..\..\..\..\Library\Device\Nuvoton\M051Series\Source\
ARM\startup_M051Series.s
   Uses
      At line 128 in file ..\..\..\..\Library\Device\Nuvoton\M051Series\Source\
ARM\startup_M051Series.s
Comment: __main used once
__use_two_region_memory 00000000

Symbol: __use_two_region_memory
   Definitions
      At line 224 in file ..\..\..\..\Library\Device\Nuvoton\M051Series\Source\
ARM\startup_M051Series.s
   Uses
      None
Comment: __use_two_region_memory unused
3 symbols
383 symbols in table
